::1 - - [11/May/2025:16:01:35 +0000] "GET /api/books HTTP/1.1" 200 2 "-" "PostmanRuntime/7.43.4"
::1 - - [11/May/2025:16:01:43 +0000] "POST /api/books HTTP/1.1" 200 144 "-" "PostmanRuntime/7.43.4"
::1 - - [11/May/2025:16:02:05 +0000] "PUT /api/books/pickup?id=08c98a69-8bf8-4f54-b47f-662b8accb664 HTTP/1.1" 404 - "-" "PostmanRuntime/7.43.4"
::1 - - [11/May/2025:16:02:59 +0000] "PUT /api/books/pickup?id=925dd685-d655-41ff-8848-649fc5ce2f1b HTTP/1.1" 200 14 "-" "PostmanRuntime/7.43.4"
::1 - - [11/May/2025:16:03:47 +0000] "PUT /api/books/return?id=925dd685-d655-41ff-8848-649fc5ce2f1b HTTP/1.1" 200 13 "-" "PostmanRuntime/7.43.4"
::1 - - [12/May/2025:14:52:48 +0000] "GET /api/books HTTP/1.1" 200 213 "-" "PostmanRuntime/7.43.4"
::1 - - [12/May/2025:14:53:55 +0000] "GET /api/books HTTP/1.1" 200 2 "-" "PostmanRuntime/7.43.4"
::1 - - [12/May/2025:14:54:20 +0000] "POST /api/books HTTP/1.1" 200 155 "-" "PostmanRuntime/7.43.4"
::1 - - [12/May/2025:14:54:42 +0000] "POST /api/books/pickup/19653d99-a47b-4dea-b419-56d11aa94e92 HTTP/1.1" 404 193 "-" "PostmanRuntime/7.43.4"
::1 - - [12/May/2025:14:55:01 +0000] "GET /api/books/genre/classic HTTP/1.1" 404 162 "-" "PostmanRuntime/7.43.4"
::1 - - [12/May/2025:15:07:24 +0000] "GET /api/books HTTP/1.1" 200 198 "-" "PostmanRuntime/7.43.4"
::1 - - [12/May/2025:15:07:52 +0000] "POST /api/books HTTP/1.1" 400 - "-" "PostmanRuntime/7.43.4"
::1 - - [12/May/2025:15:08:05 +0000] "POST /api/books HTTP/1.1" 200 137 "-" "PostmanRuntime/7.43.4"
::1 - - [12/May/2025:15:09:23 +0000] "GET /api/books HTTP/1.1" 200 377 "-" "PostmanRuntime/7.43.4"
::1 - - [12/May/2025:15:09:39 +0000] "DELETE /api/books?id=2a4e5758-e4f5-4f9a-8dcb-5dce94ff533d HTTP/1.1" 200 59 "-" "PostmanRuntime/7.43.4"
::1 - - [12/May/2025:15:10:13 +0000] "PUT /api/books/pickup?id=550e8400-e29b-41d4-a716-446655440000 HTTP/1.1" 200 14 "-" "PostmanRuntime/7.43.4"
::1 - - [12/May/2025:15:10:52 +0000] "GET /api/books HTTP/1.1" 200 198 "-" "PostmanRuntime/7.43.4"
::1 - - [12/May/2025:15:11:06 +0000] "PUT /api/books/pickup?id=19653d99-a47b-4dea-b419-56d11aa94e92 HTTP/1.1" 200 14 "-" "PostmanRuntime/7.43.4"
::1 - - [12/May/2025:15:11:19 +0000] "PUT /books-db/return?id=19653d99-a47b-4dea-b419-56d11aa94e92 HTTP/1.1" 404 154 "-" "PostmanRuntime/7.43.4"
::1 - - [12/May/2025:15:11:49 +0000] "PUT /api/books/return?id=19653d99-a47b-4dea-b419-56d11aa94e92 HTTP/1.1" 200 13 "-" "PostmanRuntime/7.43.4"
::1 - - [12/May/2025:15:12:04 +0000] "GET /books-db/genre?genre=classic HTTP/1.1" 404 153 "-" "PostmanRuntime/7.43.4"
::1 - - [12/May/2025:15:12:13 +0000] "GET /api/books/genre?genre=classic HTTP/1.1" 500 - "-" "PostmanRuntime/7.43.4"
::1 - - [12/May/2025:15:12:24 +0000] "GET /api/books/genre?genre=classic HTTP/1.1" 500 - "-" "PostmanRuntime/7.43.4"
::1 - - [12/May/2025:15:13:00 +0000] "GET /api/books/genre?genre=CLASSIC HTTP/1.1" 400 - "-" "PostmanRuntime/7.43.4"
::1 - - [12/May/2025:15:13:21 +0000] "GET /api/books/genre HTTP/1.1" 400 - "-" "PostmanRuntime/7.43.4"
::1 - - [12/May/2025:15:13:31 +0000] "GET /api/books/genre?genre=classic HTTP/1.1" 500 - "-" "PostmanRuntime/7.43.4"
::1 - - [12/May/2025:15:13:36 +0000] "GET /api/books HTTP/1.1" 200 285 "-" "PostmanRuntime/7.43.4"
::1 - - [12/May/2025:15:13:49 +0000] "GET /api/books HTTP/1.1" 200 285 "-" "PostmanRuntime/7.43.4"
::1 - - [12/May/2025:15:14:01 +0000] "GET /api/books/genre?genre=classic HTTP/1.1" 500 - "-" "PostmanRuntime/7.43.4"
::1 - - [12/May/2025:15:19:52 +0000] "GET /api/books/genre?genre=classic HTTP/1.1" 500 - "-" "PostmanRuntime/7.43.4"
::1 - - [12/May/2025:15:19:53 +0000] "GET /api/books/genre?genre=classic HTTP/1.1" 500 - "-" "PostmanRuntime/7.43.4"
::1 - - [12/May/2025:15:19:54 +0000] "GET /api/books/genre?genre=classic HTTP/1.1" 500 - "-" "PostmanRuntime/7.43.4"
::1 - - [12/May/2025:15:19:58 +0000] "GET /api/books HTTP/1.1" 200 285 "-" "PostmanRuntime/7.43.4"
::1 - - [12/May/2025:15:20:03 +0000] "GET /api/books/genre?genre=classic HTTP/1.1" 500 - "-" "PostmanRuntime/7.43.4"
::1 - - [12/May/2025:15:23:53 +0000] "GET /api/books/genre?genre=classic HTTP/1.1" 200 - "-" "PostmanRuntime/7.43.4"
::1 - - [12/May/2025:15:24:03 +0000] "GET /api/books HTTP/1.1" 200 285 "-" "PostmanRuntime/7.43.4"
::1 - - [12/May/2025:15:24:42 +0000] "GET /api/books HTTP/1.1" 200 285 "-" "PostmanRuntime/7.43.4"
::1 - - [12/May/2025:15:24:46 +0000] "GET /api/books/genre?genre=classic HTTP/1.1" 200 - "-" "PostmanRuntime/7.43.4"
::1 - - [12/May/2025:15:24:54 +0000] "GET /api/books/genre HTTP/1.1" 400 - "-" "PostmanRuntime/7.43.4"
::1 - - [12/May/2025:15:25:21 +0000] "GET /api/books/genre?genre=classic HTTP/1.1" 200 - "-" "PostmanRuntime/7.43.4"
::1 - - [12/May/2025:15:30:19 +0000] "GET /api/books/genre?genre=classic HTTP/1.1" 200 79 "-" "PostmanRuntime/7.43.4"
